{
  "RSpec": {
    "coverage": {
      "/Users/teddimaull/workspace/gCamp/config/environment.rb": [
        null,
        1,
        null,
        null,
        1
      ],
      "/Users/teddimaull/workspace/gCamp/config/application.rb": [
        1,
        null,
        1,
        null,
        null,
        null,
        1,
        null,
        1,
        1,
        null,
        null,
        null,
        null,
        null,
        null,
        null,
        null,
        null,
        null,
        null,
        null,
        null,
        1,
        null,
        null
      ],
      "/Users/teddimaull/workspace/gCamp/config/boot.rb": [
        1,
        null,
        1
      ],
      "/Users/teddimaull/workspace/gCamp/config/environments/test.rb": [
        1,
        null,
        null,
        null,
        null,
        null,
        null,
        1,
        null,
        null,
        null,
        null,
        1,
        null,
        null,
        1,
        1,
        null,
        null,
        1,
        1,
        null,
        null,
        1,
        null,
        null,
        1,
        null,
        null,
        null,
        null,
        1,
        null,
        null,
        1,
        null,
        null,
        1,
        null,
        null,
        null,
        null
      ],
      "/Users/teddimaull/workspace/gCamp/config/initializers/assets.rb": [
        null,
        null,
        null,
        1,
        null,
        null,
        null,
        null,
        null,
        null,
        null
      ],
      "/Users/teddimaull/workspace/gCamp/config/initializers/backtrace_silencers.rb": [
        null,
        null,
        null,
        null,
        null,
        null,
        null
      ],
      "/Users/teddimaull/workspace/gCamp/config/initializers/cookies_serializer.rb": [
        null,
        null,
        1
      ],
      "/Users/teddimaull/workspace/gCamp/config/initializers/filter_parameter_logging.rb": [
        null,
        null,
        null,
        1
      ],
      "/Users/teddimaull/workspace/gCamp/config/initializers/inflections.rb": [
        null,
        null,
        null,
        null,
        null,
        null,
        null,
        null,
        null,
        null,
        null,
        null,
        null,
        null,
        null,
        null
      ],
      "/Users/teddimaull/workspace/gCamp/config/initializers/mime_types.rb": [
        null,
        null,
        null,
        null
      ],
      "/Users/teddimaull/workspace/gCamp/config/initializers/session_store.rb": [
        null,
        null,
        1
      ],
      "/Users/teddimaull/workspace/gCamp/config/initializers/wrap_parameters.rb": [
        null,
        null,
        null,
        null,
        null,
        null,
        1,
        1,
        null,
        null,
        null,
        null,
        null,
        null
      ],
      "/Users/teddimaull/workspace/gCamp/config/routes.rb": [
        1,
        null,
        null,
        null,
        null,
        1,
        1,
        1,
        1,
        null,
        1,
        1,
        1,
        1,
        1,
        null,
        null,
        null,
        null,
        null,
        null,
        null,
        null,
        null,
        1,
        1,
        1,
        null,
        null,
        1,
        1,
        1,
        null,
        null,
        1,
        null,
        null,
        null,
        null,
        null,
        null,
        null,
        null,
        null,
        null,
        null,
        null,
        null,
        null,
        null,
        null,
        null,
        null,
        null,
        null,
        null,
        null,
        null,
        null,
        null,
        null,
        null,
        null,
        null,
        null,
        null,
        null,
        null,
        null,
        null,
        null,
        null,
        null,
        null,
        null,
        null
      ],
      "/Users/teddimaull/workspace/gCamp/app/helpers/application_helper.rb": [
        1,
        null
      ],
      "/Users/teddimaull/workspace/gCamp/app/controllers/about_controller.rb": [
        1,
        null,
        1,
        1,
        1,
        1,
        1,
        1,
        null,
        null
      ],
      "/Users/teddimaull/workspace/gCamp/app/controllers/public_controller.rb": [
        1,
        null,
        1,
        null,
        null
      ],
      "/Users/teddimaull/workspace/gCamp/app/controllers/application_controller.rb": [
        1,
        null,
        null,
        1,
        null,
        1,
        1,
        1,
        1,
        1,
        1,
        1,
        null,
        1,
        null,
        1,
        0,
        null,
        null,
        1,
        762,
        null,
        null,
        1,
        100,
        99,
        null,
        1,
        null,
        null,
        null,
        1,
        127,
        0,
        0,
        0,
        null,
        null,
        null,
        1,
        61,
        9,
        9,
        null,
        null,
        null,
        1,
        14,
        1,
        1,
        null,
        null,
        null,
        1,
        0,
        0,
        null,
        null,
        null,
        null
      ],
      "/Users/teddimaull/workspace/gCamp/app/controllers/authentication_controller.rb": [
        1,
        null,
        1,
        23,
        null,
        null,
        null,
        null,
        null,
        null,
        null,
        null,
        null,
        null,
        null,
        null,
        null,
        null,
        null,
        null,
        null,
        null,
        1,
        24,
        24,
        22,
        22,
        22,
        null,
        2,
        2,
        null,
        null,
        null,
        null,
        null,
        1,
        2,
        2,
        2,
        null,
        null,
        1,
        22,
        22,
        null,
        0,
        null,
        null,
        null,
        null
      ],
      "/Users/teddimaull/workspace/gCamp/app/controllers/comments_controller.rb": [
        1,
        1,
        null,
        1,
        0,
        0,
        0,
        0,
        null,
        null,
        1,
        null,
        1,
        0,
        null,
        null,
        1,
        0,
        null,
        null,
        null
      ],
      "/Users/teddimaull/workspace/gCamp/app/controllers/common_questions_controller.rb": [
        1,
        null,
        1,
        1,
        null,
        null,
        null,
        null,
        null,
        null,
        null
      ],
      "/Users/teddimaull/workspace/gCamp/app/controllers/memberships_controller.rb": [
        1,
        null,
        1,
        1,
        1,
        null,
        1,
        2,
        2,
        null,
        null,
        1,
        3,
        3,
        3,
        3,
        null,
        0,
        0,
        null,
        null,
        null,
        1,
        2,
        2,
        0,
        null,
        2,
        2,
        null,
        2,
        null,
        null,
        1,
        3,
        3,
        0,
        0,
        null,
        2,
        2,
        null,
        3,
        null,
        null,
        1,
        null,
        1,
        15,
        null,
        null,
        1,
        5,
        null,
        null,
        null
      ],
      "/Users/teddimaull/workspace/gCamp/app/controllers/projects_controller.rb": [
        1,
        null,
        1,
        1,
        1,
        null,
        1,
        30,
        30,
        30,
        0,
        null,
        null,
        null,
        1,
        4,
        4,
        4,
        null,
        null,
        1,
        3,
        3,
        2,
        2,
        2,
        2,
        null,
        1,
        1,
        null,
        null,
        null,
        1,
        4,
        4,
        null,
        null,
        1,
        4,
        4,
        3,
        3,
        null,
        1,
        1,
        null,
        null,
        null,
        1,
        5,
        null,
        null,
        1,
        3,
        3,
        3,
        3,
        null,
        null,
        1,
        null,
        1,
        20,
        null,
        null,
        1,
        7,
        null,
        null,
        1,
        0,
        null,
        null
      ],
      "/Users/teddimaull/workspace/gCamp/app/controllers/registrations_controller.rb": [
        1,
        null,
        1,
        3,
        null,
        null,
        1,
        3,
        3,
        1,
        1,
        1,
        null,
        2,
        null,
        null,
        null,
        1,
        1,
        3,
        null,
        null,
        null
      ],
      "/Users/teddimaull/workspace/gCamp/app/controllers/tasks_controller.rb": [
        1,
        null,
        1,
        1,
        null,
        1,
        13,
        null,
        null,
        null,
        1,
        2,
        2,
        null,
        null,
        1,
        2,
        2,
        1,
        null,
        1,
        1,
        null,
        null,
        null,
        1,
        2,
        2,
        null,
        null,
        1,
        2,
        null,
        2,
        1,
        1,
        null,
        1,
        1,
        null,
        null,
        null,
        1,
        3,
        3,
        3,
        null,
        null,
        1,
        1,
        1,
        1,
        1,
        null,
        null,
        null,
        null,
        1,
        null,
        1,
        26,
        null,
        null,
        1,
        4,
        null,
        null,
        null
      ],
      "/Users/teddimaull/workspace/gCamp/app/controllers/terms_controller.rb": [
        1,
        null,
        1,
        null,
        null,
        null,
        null
      ],
      "/Users/teddimaull/workspace/gCamp/app/controllers/tracker_projects_controller.rb": [
        1,
        null,
        1,
        0,
        0,
        0,
        null,
        null,
        null
      ],
      "/Users/teddimaull/workspace/gCamp/app/controllers/users_controller.rb": [
        1,
        null,
        1,
        8,
        8,
        null,
        null,
        1,
        3,
        null,
        null,
        1,
        3,
        3,
        2,
        2,
        null,
        1,
        null,
        null,
        null,
        1,
        2,
        null,
        null,
        null,
        1,
        5,
        null,
        5,
        1,
        null,
        null,
        null,
        1,
        4,
        4,
        4,
        4,
        null,
        0,
        null,
        null,
        null,
        1,
        4,
        4,
        0,
        null,
        4,
        4,
        4,
        null,
        0,
        null,
        4,
        4,
        4,
        null,
        null,
        null,
        1,
        null,
        null,
        1,
        7,
        4,
        null,
        3,
        null,
        null,
        null,
        null
      ],
      "/Users/teddimaull/workspace/gCamp/app/controllers/welcome_controller.rb": [
        1,
        null,
        1,
        4,
        null,
        null,
        null,
        null,
        null,
        null
      ],
      "/Users/teddimaull/workspace/gCamp/app/models/project.rb": [
        1,
        1,
        1,
        1,
        1,
        null
      ],
      "/Users/teddimaull/workspace/gCamp/app/models/task.rb": [
        1,
        null,
        1,
        1,
        1,
        null
      ],
      "/Users/teddimaull/workspace/gCamp/app/models/user.rb": [
        1,
        1,
        null,
        1,
        1,
        null,
        1,
        1,
        1,
        null,
        1,
        13,
        null,
        null,
        1,
        0,
        null,
        null,
        1,
        61,
        52,
        null,
        9,
        null,
        null,
        null,
        1,
        25,
        23,
        null,
        2,
        null,
        null,
        null,
        1,
        0,
        0,
        null,
        0,
        null,
        null,
        null,
        1,
        129,
        null,
        null,
        1,
        1,
        1,
        null,
        0,
        null,
        null,
        null,
        null
      ],
      "/Users/teddimaull/workspace/gCamp/app/models/membership.rb": [
        1,
        null,
        1,
        1,
        1,
        null,
        1,
        1,
        1,
        null
      ],
      "/Users/teddimaull/workspace/gCamp/app/models/comment.rb": [
        1,
        1,
        1,
        1,
        1,
        null,
        1,
        null,
        0,
        null,
        null,
        null,
        null
      ],
      "/Users/teddimaull/workspace/gCamp/app/models/common_question.rb": [
        1,
        null,
        1,
        3,
        3,
        3,
        null,
        null,
        null,
        1,
        1,
        1,
        null,
        null,
        null
      ],
      "/Users/teddimaull/workspace/gCamp/app/models/tracker_api.rb": [
        1,
        null,
        1,
        30,
        null,
        null,
        1,
        0,
        0,
        0,
        0,
        null,
        0,
        null,
        null,
        1,
        0,
        0,
        0,
        0,
        0,
        null,
        0,
        null,
        null,
        1,
        0,
        0,
        0,
        0,
        0,
        null,
        0,
        null,
        null
      ]
    },
    "timestamp": 1428283025
  }
}
